2013-10-21 15:50:01,783 WARN  crawl.Crawl - solrUrl is not set, indexing will be skipped...
2013-10-21 15:50:01,894 INFO  crawl.Crawl - crawl started in: crawl
2013-10-21 15:50:01,894 INFO  crawl.Crawl - rootUrlDir = urls
2013-10-21 15:50:01,894 INFO  crawl.Crawl - threads = 10
2013-10-21 15:50:01,894 INFO  crawl.Crawl - depth = 10
2013-10-21 15:50:01,894 INFO  crawl.Crawl - solrUrl=null
2013-10-21 15:50:01,895 INFO  crawl.Crawl - topN = 10
2013-10-21 15:50:01,907 INFO  crawl.Injector - Injector: starting at 2013-10-21 15:50:01
2013-10-21 15:50:01,907 INFO  crawl.Injector - Injector: crawlDb: crawl/crawldb
2013-10-21 15:50:01,907 INFO  crawl.Injector - Injector: urlDir: urls
2013-10-21 15:50:01,907 WARN  conf.Configuration - mapred.temp.dir is deprecated. Instead, use mapreduce.cluster.temp.dir
2013-10-21 15:50:01,945 INFO  crawl.Injector - Injector: Converting injected urls to crawl db entries.
2013-10-21 15:50:02,007 WARN  util.NativeCodeLoader - Unable to load native-hadoop library for your platform... using builtin-java classes where applicable
2013-10-21 15:50:02,035 WARN  conf.Configuration - mapred.used.genericoptionsparser is deprecated. Instead, use mapreduce.client.genericoptionsparser.used
2013-10-21 15:50:02,043 WARN  mapreduce.JobSubmitter - No job jar file set.  User classes may not be found. See Job or Job#setJar(String).
2013-10-21 15:50:02,608 INFO  plugin.PluginRepository - Plugins: looking in: /Users/KwangsoonJung/Desktop/nutch/apache-nutch-1.5-src/runtime/local/plugins
2013-10-21 15:50:02,609 DEBUG plugin.PluginRepository - parsing: /Users/KwangsoonJung/Desktop/nutch/apache-nutch-1.5-src/runtime/local/plugins/creativecommons/plugin.xml
2013-10-21 15:50:02,613 DEBUG plugin.PluginRepository - plugin: id=creativecommons name=Creative Commons Plugins version=1.0.0 provider=nutch.orgclass=null
2013-10-21 15:50:02,614 DEBUG plugin.PluginRepository - impl: point=org.apache.nutch.parse.HtmlParseFilter class=org.creativecommons.nutch.CCParseFilter
2013-10-21 15:50:02,614 DEBUG plugin.PluginRepository - impl: point=org.apache.nutch.indexer.IndexingFilter class=org.creativecommons.nutch.CCIndexingFilter
2013-10-21 15:50:02,614 DEBUG plugin.PluginRepository - parsing: /Users/KwangsoonJung/Desktop/nutch/apache-nutch-1.5-src/runtime/local/plugins/feed/plugin.xml
2013-10-21 15:50:02,616 DEBUG plugin.PluginRepository - plugin: id=feed name=Feed Parse/Index/Query Plug-in version=1.0.0 provider=nutch.orgclass=null
2013-10-21 15:50:02,616 DEBUG plugin.PluginRepository - impl: point=org.apache.nutch.parse.Parser class=org.apache.nutch.parse.feed.FeedParser
2013-10-21 15:50:02,616 DEBUG plugin.PluginRepository - impl: point=org.apache.nutch.indexer.IndexingFilter class=org.apache.nutch.indexer.feed.FeedIndexingFilter
2013-10-21 15:50:02,616 DEBUG plugin.PluginRepository - parsing: /Users/KwangsoonJung/Desktop/nutch/apache-nutch-1.5-src/runtime/local/plugins/headings/plugin.xml
2013-10-21 15:50:02,618 DEBUG plugin.PluginRepository - plugin: id=headings name=Headings Parse Filter version=1.0.0 provider=nutch.orgclass=null
2013-10-21 15:50:02,618 DEBUG plugin.PluginRepository - impl: point=org.apache.nutch.parse.HtmlParseFilter class=org.apache.nutch.parse.headings.HeadingsParseFilter
2013-10-21 15:50:02,618 DEBUG plugin.PluginRepository - parsing: /Users/KwangsoonJung/Desktop/nutch/apache-nutch-1.5-src/runtime/local/plugins/index-anchor/plugin.xml
2013-10-21 15:50:02,619 DEBUG plugin.PluginRepository - plugin: id=index-anchor name=Anchor Indexing Filter version=1.0.0 provider=nutch.orgclass=null
2013-10-21 15:50:02,620 DEBUG plugin.PluginRepository - impl: point=org.apache.nutch.indexer.IndexingFilter class=org.apache.nutch.indexer.anchor.AnchorIndexingFilter
2013-10-21 15:50:02,620 DEBUG plugin.PluginRepository - parsing: /Users/KwangsoonJung/Desktop/nutch/apache-nutch-1.5-src/runtime/local/plugins/index-basic/plugin.xml
2013-10-21 15:50:02,622 DEBUG plugin.PluginRepository - plugin: id=index-basic name=Basic Indexing Filter version=1.0.0 provider=nutch.orgclass=null
2013-10-21 15:50:02,622 DEBUG plugin.PluginRepository - impl: point=org.apache.nutch.indexer.IndexingFilter class=org.apache.nutch.indexer.basic.BasicIndexingFilter
2013-10-21 15:50:02,622 DEBUG plugin.PluginRepository - parsing: /Users/KwangsoonJung/Desktop/nutch/apache-nutch-1.5-src/runtime/local/plugins/index-metadata/plugin.xml
2013-10-21 15:50:02,623 DEBUG plugin.PluginRepository - plugin: id=index-metadata name=Index Metadata version=1.0.0 provider=nutch.orgclass=null
2013-10-21 15:50:02,623 DEBUG plugin.PluginRepository - impl: point=org.apache.nutch.indexer.IndexingFilter class=org.apache.nutch.indexer.metadata.MetadataIndexer
2013-10-21 15:50:02,624 DEBUG plugin.PluginRepository - parsing: /Users/KwangsoonJung/Desktop/nutch/apache-nutch-1.5-src/runtime/local/plugins/index-more/plugin.xml
2013-10-21 15:50:02,625 DEBUG plugin.PluginRepository - plugin: id=index-more name=More Indexing Filter version=1.0.0 provider=nutch.orgclass=null
2013-10-21 15:50:02,625 DEBUG plugin.PluginRepository - impl: point=org.apache.nutch.indexer.IndexingFilter class=org.apache.nutch.indexer.more.MoreIndexingFilter
2013-10-21 15:50:02,625 DEBUG plugin.PluginRepository - parsing: /Users/KwangsoonJung/Desktop/nutch/apache-nutch-1.5-src/runtime/local/plugins/index-static/plugin.xml
2013-10-21 15:50:02,627 DEBUG plugin.PluginRepository - plugin: id=index-static name=Index Static version=1.0.0 provider=nutch.orgclass=null
2013-10-21 15:50:02,628 DEBUG plugin.PluginRepository - impl: point=org.apache.nutch.indexer.IndexingFilter class=org.apache.nutch.indexer.staticfield.StaticFieldIndexer
2013-10-21 15:50:02,628 DEBUG plugin.PluginRepository - parsing: /Users/KwangsoonJung/Desktop/nutch/apache-nutch-1.5-src/runtime/local/plugins/language-identifier/plugin.xml
2013-10-21 15:50:02,630 DEBUG plugin.PluginRepository - plugin: id=language-identifier name=Language Identification Parser/Filter version=1.0.0 provider=nutch.orgclass=null
2013-10-21 15:50:02,630 DEBUG plugin.PluginRepository - impl: point=org.apache.nutch.parse.HtmlParseFilter class=org.apache.nutch.analysis.lang.HTMLLanguageParser
2013-10-21 15:50:02,630 DEBUG plugin.PluginRepository - impl: point=org.apache.nutch.indexer.IndexingFilter class=org.apache.nutch.analysis.lang.LanguageIndexingFilter
2013-10-21 15:50:02,630 DEBUG plugin.PluginRepository - parsing: /Users/KwangsoonJung/Desktop/nutch/apache-nutch-1.5-src/runtime/local/plugins/lib-http/plugin.xml
2013-10-21 15:50:02,632 DEBUG plugin.PluginRepository - plugin: id=lib-http name=HTTP Framework version=1.0 provider=org.apache.nutchclass=null
2013-10-21 15:50:02,632 DEBUG plugin.PluginRepository - parsing: /Users/KwangsoonJung/Desktop/nutch/apache-nutch-1.5-src/runtime/local/plugins/lib-nekohtml/plugin.xml
2013-10-21 15:50:02,634 DEBUG plugin.PluginRepository - plugin: id=lib-nekohtml name=CyberNeko HTML Parser version=1.9.11 provider=org.cybernekoclass=null
2013-10-21 15:50:02,634 DEBUG plugin.PluginRepository - parsing: /Users/KwangsoonJung/Desktop/nutch/apache-nutch-1.5-src/runtime/local/plugins/lib-regex-filter/plugin.xml
2013-10-21 15:50:02,636 DEBUG plugin.PluginRepository - plugin: id=lib-regex-filter name=Regex URL Filter Framework version=1.0 provider=org.apache.nutchclass=null
2013-10-21 15:50:02,636 DEBUG plugin.PluginRepository - parsing: /Users/KwangsoonJung/Desktop/nutch/apache-nutch-1.5-src/runtime/local/plugins/lib-xml/plugin.xml
2013-10-21 15:50:02,638 DEBUG plugin.PluginRepository - plugin: id=lib-xml name=XML Libraries version=1.0 provider=org.apache.nutch.xmlclass=null
2013-10-21 15:50:02,638 DEBUG plugin.PluginRepository - parsing: /Users/KwangsoonJung/Desktop/nutch/apache-nutch-1.5-src/runtime/local/plugins/microformats-reltag/plugin.xml
2013-10-21 15:50:02,640 DEBUG plugin.PluginRepository - plugin: id=microformats-reltag name=Rel-Tag microformat Parser/Indexer/Querier version=1.0.0 provider=nutch.orgclass=null
2013-10-21 15:50:02,640 DEBUG plugin.PluginRepository - impl: point=org.apache.nutch.parse.HtmlParseFilter class=org.apache.nutch.microformats.reltag.RelTagParser
2013-10-21 15:50:02,640 DEBUG plugin.PluginRepository - impl: point=org.apache.nutch.indexer.IndexingFilter class=org.apache.nutch.microformats.reltag.RelTagIndexingFilter
2013-10-21 15:50:02,640 DEBUG plugin.PluginRepository - parsing: /Users/KwangsoonJung/Desktop/nutch/apache-nutch-1.5-src/runtime/local/plugins/nutch-extensionpoints/plugin.xml
2013-10-21 15:50:02,642 DEBUG plugin.PluginRepository - plugin: id=nutch-extensionpoints name=the nutch core extension points version=2.0.0 provider=nutch.orgclass=null
2013-10-21 15:50:02,643 DEBUG plugin.PluginRepository - parsing: /Users/KwangsoonJung/Desktop/nutch/apache-nutch-1.5-src/runtime/local/plugins/parse-ext/plugin.xml
2013-10-21 15:50:02,645 DEBUG plugin.PluginRepository - plugin: id=parse-ext name=External Parser Plug-in version=1.0.0 provider=nutch.orgclass=null
2013-10-21 15:50:02,645 DEBUG plugin.PluginRepository - impl: point=org.apache.nutch.parse.Parser class=org.apache.nutch.parse.ext.ExtParser
2013-10-21 15:50:02,646 DEBUG plugin.PluginRepository - impl: point=org.apache.nutch.parse.Parser class=org.apache.nutch.parse.ext.ExtParser
2013-10-21 15:50:02,646 DEBUG plugin.PluginRepository - parsing: /Users/KwangsoonJung/Desktop/nutch/apache-nutch-1.5-src/runtime/local/plugins/parse-html/plugin.xml
2013-10-21 15:50:02,647 DEBUG plugin.PluginRepository - plugin: id=parse-html name=Html Parse Plug-in version=1.0.0 provider=nutch.orgclass=null
2013-10-21 15:50:02,648 DEBUG plugin.PluginRepository - impl: point=org.apache.nutch.parse.Parser class=org.apache.nutch.parse.html.HtmlParser
2013-10-21 15:50:02,648 DEBUG plugin.PluginRepository - parsing: /Users/KwangsoonJung/Desktop/nutch/apache-nutch-1.5-src/runtime/local/plugins/parse-js/plugin.xml
2013-10-21 15:50:02,650 DEBUG plugin.PluginRepository - plugin: id=parse-js name=JavaScript Parser version=1.0.0 provider=nutch.orgclass=null
2013-10-21 15:50:02,650 DEBUG plugin.PluginRepository - impl: point=org.apache.nutch.parse.Parser class=org.apache.nutch.parse.js.JSParseFilter
2013-10-21 15:50:02,650 DEBUG plugin.PluginRepository - impl: point=org.apache.nutch.parse.HtmlParseFilter class=org.apache.nutch.parse.js.JSParseFilter
2013-10-21 15:50:02,650 DEBUG plugin.PluginRepository - parsing: /Users/KwangsoonJung/Desktop/nutch/apache-nutch-1.5-src/runtime/local/plugins/parse-metatags/plugin.xml
2013-10-21 15:50:02,652 DEBUG plugin.PluginRepository - plugin: id=parse-metatags name=MetaTags version=1.0 provider=digitalpebble.comclass=null
2013-10-21 15:50:02,652 DEBUG plugin.PluginRepository - impl: point=org.apache.nutch.parse.HtmlParseFilter class=org.apache.nutch.parse.MetaTagsParser
2013-10-21 15:50:02,653 DEBUG plugin.PluginRepository - parsing: /Users/KwangsoonJung/Desktop/nutch/apache-nutch-1.5-src/runtime/local/plugins/parse-swf/plugin.xml
2013-10-21 15:50:02,654 DEBUG plugin.PluginRepository - plugin: id=parse-swf name=SWF Parse Plug-in version=1.0.0 provider=nutch.orgclass=null
2013-10-21 15:50:02,655 DEBUG plugin.PluginRepository - impl: point=org.apache.nutch.parse.Parser class=org.apache.nutch.parse.swf.SWFParser
2013-10-21 15:50:02,655 DEBUG plugin.PluginRepository - parsing: /Users/KwangsoonJung/Desktop/nutch/apache-nutch-1.5-src/runtime/local/plugins/parse-tika/plugin.xml
2013-10-21 15:50:02,657 DEBUG plugin.PluginRepository - plugin: id=parse-tika name=Tika Parser Plug-in version=1.0.0 provider=nutch.orgclass=null
2013-10-21 15:50:02,658 DEBUG plugin.PluginRepository - impl: point=org.apache.nutch.parse.Parser class=org.apache.nutch.parse.tika.TikaParser
2013-10-21 15:50:02,660 DEBUG plugin.PluginRepository - parsing: /Users/KwangsoonJung/Desktop/nutch/apache-nutch-1.5-src/runtime/local/plugins/parse-zip/plugin.xml
2013-10-21 15:50:02,662 DEBUG plugin.PluginRepository - plugin: id=parse-zip name=Zip Parse Plug-in version=1.0.0 provider=nutch.orgclass=null
2013-10-21 15:50:02,662 DEBUG plugin.PluginRepository - impl: point=org.apache.nutch.parse.Parser class=org.apache.nutch.parse.zip.ZipParser
2013-10-21 15:50:02,663 DEBUG plugin.PluginRepository - parsing: /Users/KwangsoonJung/Desktop/nutch/apache-nutch-1.5-src/runtime/local/plugins/protocol-file/plugin.xml
2013-10-21 15:50:02,664 DEBUG plugin.PluginRepository - plugin: id=protocol-file name=File Protocol Plug-in version=1.0.0 provider=nutch.orgclass=null
2013-10-21 15:50:02,664 DEBUG plugin.PluginRepository - impl: point=org.apache.nutch.protocol.Protocol class=org.apache.nutch.protocol.file.File
2013-10-21 15:50:02,665 DEBUG plugin.PluginRepository - parsing: /Users/KwangsoonJung/Desktop/nutch/apache-nutch-1.5-src/runtime/local/plugins/protocol-ftp/plugin.xml
2013-10-21 15:50:02,666 DEBUG plugin.PluginRepository - plugin: id=protocol-ftp name=Ftp Protocol Plug-in version=1.0.0 provider=nutch.orgclass=null
2013-10-21 15:50:02,666 DEBUG plugin.PluginRepository - impl: point=org.apache.nutch.protocol.Protocol class=org.apache.nutch.protocol.ftp.Ftp
2013-10-21 15:50:02,667 DEBUG plugin.PluginRepository - parsing: /Users/KwangsoonJung/Desktop/nutch/apache-nutch-1.5-src/runtime/local/plugins/protocol-http/plugin.xml
2013-10-21 15:50:02,669 DEBUG plugin.PluginRepository - plugin: id=protocol-http name=Http Protocol Plug-in version=1.0.0 provider=nutch.orgclass=null
2013-10-21 15:50:02,669 DEBUG plugin.PluginRepository - impl: point=org.apache.nutch.protocol.Protocol class=org.apache.nutch.protocol.http.Http
2013-10-21 15:50:02,670 DEBUG plugin.PluginRepository - parsing: /Users/KwangsoonJung/Desktop/nutch/apache-nutch-1.5-src/runtime/local/plugins/protocol-httpclient/plugin.xml
2013-10-21 15:50:02,672 DEBUG plugin.PluginRepository - plugin: id=protocol-httpclient name=Http / Https Protocol Plug-in version=1.0.0 provider=nutch.orgclass=null
2013-10-21 15:50:02,672 DEBUG plugin.PluginRepository - impl: point=org.apache.nutch.protocol.Protocol class=org.apache.nutch.protocol.httpclient.Http
2013-10-21 15:50:02,672 DEBUG plugin.PluginRepository - impl: point=org.apache.nutch.protocol.Protocol class=org.apache.nutch.protocol.httpclient.Http
2013-10-21 15:50:02,672 DEBUG plugin.PluginRepository - parsing: /Users/KwangsoonJung/Desktop/nutch/apache-nutch-1.5-src/runtime/local/plugins/scoring-link/plugin.xml
2013-10-21 15:50:02,674 DEBUG plugin.PluginRepository - plugin: id=scoring-link name=Link Analysis Scoring Plug-in version=1.0.0 provider=nutch.orgclass=null
2013-10-21 15:50:02,674 DEBUG plugin.PluginRepository - impl: point=org.apache.nutch.scoring.ScoringFilter class=org.apache.nutch.scoring.link.LinkAnalysisScoringFilter
2013-10-21 15:50:02,674 DEBUG plugin.PluginRepository - parsing: /Users/KwangsoonJung/Desktop/nutch/apache-nutch-1.5-src/runtime/local/plugins/scoring-opic/plugin.xml
2013-10-21 15:50:02,676 DEBUG plugin.PluginRepository - plugin: id=scoring-opic name=OPIC Scoring Plug-in version=1.0.0 provider=nutch.orgclass=null
2013-10-21 15:50:02,676 DEBUG plugin.PluginRepository - impl: point=org.apache.nutch.scoring.ScoringFilter class=org.apache.nutch.scoring.opic.OPICScoringFilter
2013-10-21 15:50:02,676 DEBUG plugin.PluginRepository - parsing: /Users/KwangsoonJung/Desktop/nutch/apache-nutch-1.5-src/runtime/local/plugins/subcollection/plugin.xml
2013-10-21 15:50:02,679 DEBUG plugin.PluginRepository - plugin: id=subcollection name=Subcollection indexing and query filter version=1.0.0 provider=apache.orgclass=null
2013-10-21 15:50:02,679 DEBUG plugin.PluginRepository - impl: point=org.apache.nutch.indexer.IndexingFilter class=org.apache.nutch.indexer.subcollection.SubcollectionIndexingFilter
2013-10-21 15:50:02,679 DEBUG plugin.PluginRepository - parsing: /Users/KwangsoonJung/Desktop/nutch/apache-nutch-1.5-src/runtime/local/plugins/tld/plugin.xml
2013-10-21 15:50:02,682 DEBUG plugin.PluginRepository - plugin: id=tld name=Top Level Domain Plugin version=1.0.0 provider=nutch.orgclass=null
2013-10-21 15:50:02,682 DEBUG plugin.PluginRepository - impl: point=org.apache.nutch.indexer.IndexingFilter class=org.apache.nutch.indexer.tld.TLDIndexingFilter
2013-10-21 15:50:02,682 DEBUG plugin.PluginRepository - impl: point=org.apache.nutch.scoring.ScoringFilter class=org.apache.nutch.scoring.tld.TLDScoringFilter
2013-10-21 15:50:02,683 DEBUG plugin.PluginRepository - parsing: /Users/KwangsoonJung/Desktop/nutch/apache-nutch-1.5-src/runtime/local/plugins/urlfilter-automaton/plugin.xml
2013-10-21 15:50:02,685 DEBUG plugin.PluginRepository - plugin: id=urlfilter-automaton name=Automaton URL Filter version=1.0.0 provider=nutch.orgclass=null
2013-10-21 15:50:02,685 DEBUG plugin.PluginRepository - impl: point=org.apache.nutch.net.URLFilter class=org.apache.nutch.urlfilter.automaton.AutomatonURLFilter
2013-10-21 15:50:02,686 DEBUG plugin.PluginRepository - parsing: /Users/KwangsoonJung/Desktop/nutch/apache-nutch-1.5-src/runtime/local/plugins/urlfilter-domain/plugin.xml
2013-10-21 15:50:02,688 DEBUG plugin.PluginRepository - plugin: id=urlfilter-domain name=Domain URL Filter version=1.0.0 provider=nutch.orgclass=null
2013-10-21 15:50:02,689 DEBUG plugin.PluginRepository - impl: point=org.apache.nutch.net.URLFilter class=org.apache.nutch.urlfilter.domain.DomainURLFilter
2013-10-21 15:50:02,689 DEBUG plugin.PluginRepository - parsing: /Users/KwangsoonJung/Desktop/nutch/apache-nutch-1.5-src/runtime/local/plugins/urlfilter-domainblacklist/plugin.xml
2013-10-21 15:50:02,692 DEBUG plugin.PluginRepository - plugin: id=urlfilter-domainblacklist name=Domain Blacklist URL Filter version=1.0.0 provider=nutch.orgclass=null
2013-10-21 15:50:02,692 DEBUG plugin.PluginRepository - impl: point=org.apache.nutch.net.URLFilter class=org.apache.nutch.urlfilter.domainblacklist.DomainBlacklistURLFilter
2013-10-21 15:50:02,692 DEBUG plugin.PluginRepository - parsing: /Users/KwangsoonJung/Desktop/nutch/apache-nutch-1.5-src/runtime/local/plugins/urlfilter-prefix/plugin.xml
2013-10-21 15:50:02,695 DEBUG plugin.PluginRepository - plugin: id=urlfilter-prefix name=Prefix URL Filter version=1.0.0 provider=nutch.orgclass=null
2013-10-21 15:50:02,695 DEBUG plugin.PluginRepository - impl: point=org.apache.nutch.net.URLFilter class=org.apache.nutch.urlfilter.prefix.PrefixURLFilter
2013-10-21 15:50:02,695 DEBUG plugin.PluginRepository - parsing: /Users/KwangsoonJung/Desktop/nutch/apache-nutch-1.5-src/runtime/local/plugins/urlfilter-regex/plugin.xml
2013-10-21 15:50:02,698 DEBUG plugin.PluginRepository - plugin: id=urlfilter-regex name=Regex URL Filter version=1.0.0 provider=nutch.orgclass=null
2013-10-21 15:50:02,698 DEBUG plugin.PluginRepository - impl: point=org.apache.nutch.net.URLFilter class=org.apache.nutch.urlfilter.regex.RegexURLFilter
2013-10-21 15:50:02,698 DEBUG plugin.PluginRepository - parsing: /Users/KwangsoonJung/Desktop/nutch/apache-nutch-1.5-src/runtime/local/plugins/urlfilter-suffix/plugin.xml
2013-10-21 15:50:02,700 DEBUG plugin.PluginRepository - plugin: id=urlfilter-suffix name=Suffix URL Filter version=1.0.0 provider=nutch.orgclass=null
2013-10-21 15:50:02,700 DEBUG plugin.PluginRepository - impl: point=org.apache.nutch.net.URLFilter class=org.apache.nutch.urlfilter.suffix.SuffixURLFilter
2013-10-21 15:50:02,701 DEBUG plugin.PluginRepository - parsing: /Users/KwangsoonJung/Desktop/nutch/apache-nutch-1.5-src/runtime/local/plugins/urlfilter-validator/plugin.xml
2013-10-21 15:50:02,703 DEBUG plugin.PluginRepository - plugin: id=urlfilter-validator name=URL Validator version=1.0.0 provider=nutch.orgclass=null
2013-10-21 15:50:02,703 DEBUG plugin.PluginRepository - impl: point=org.apache.nutch.net.URLFilter class=org.apache.nutch.urlfilter.validator.UrlValidator
2013-10-21 15:50:02,704 DEBUG plugin.PluginRepository - parsing: /Users/KwangsoonJung/Desktop/nutch/apache-nutch-1.5-src/runtime/local/plugins/urlmeta/plugin.xml
2013-10-21 15:50:02,705 DEBUG plugin.PluginRepository - plugin: id=urlmeta name=URL Meta Indexing Filter version=1.0.0 provider=sgonyeaclass=null
2013-10-21 15:50:02,706 DEBUG plugin.PluginRepository - impl: point=org.apache.nutch.indexer.IndexingFilter class=org.apache.nutch.indexer.urlmeta.URLMetaIndexingFilter
2013-10-21 15:50:02,706 DEBUG plugin.PluginRepository - impl: point=org.apache.nutch.scoring.ScoringFilter class=org.apache.nutch.scoring.urlmeta.URLMetaScoringFilter
2013-10-21 15:50:02,706 DEBUG plugin.PluginRepository - parsing: /Users/KwangsoonJung/Desktop/nutch/apache-nutch-1.5-src/runtime/local/plugins/urlnormalizer-basic/plugin.xml
2013-10-21 15:50:02,708 DEBUG plugin.PluginRepository - plugin: id=urlnormalizer-basic name=Basic URL Normalizer version=1.0.0 provider=nutch.orgclass=null
2013-10-21 15:50:02,708 DEBUG plugin.PluginRepository - impl: point=org.apache.nutch.net.URLNormalizer class=org.apache.nutch.net.urlnormalizer.basic.BasicURLNormalizer
2013-10-21 15:50:02,708 DEBUG plugin.PluginRepository - parsing: /Users/KwangsoonJung/Desktop/nutch/apache-nutch-1.5-src/runtime/local/plugins/urlnormalizer-pass/plugin.xml
2013-10-21 15:50:02,710 DEBUG plugin.PluginRepository - plugin: id=urlnormalizer-pass name=Pass-through URL Normalizer version=1.0.0 provider=nutch.orgclass=null
2013-10-21 15:50:02,710 DEBUG plugin.PluginRepository - impl: point=org.apache.nutch.net.URLNormalizer class=org.apache.nutch.net.urlnormalizer.pass.PassURLNormalizer
2013-10-21 15:50:02,711 DEBUG plugin.PluginRepository - parsing: /Users/KwangsoonJung/Desktop/nutch/apache-nutch-1.5-src/runtime/local/plugins/urlnormalizer-regex/plugin.xml
2013-10-21 15:50:02,713 DEBUG plugin.PluginRepository - plugin: id=urlnormalizer-regex name=Regex URL Normalizer version=1.0.0 provider=nutch.orgclass=null
2013-10-21 15:50:02,713 DEBUG plugin.PluginRepository - impl: point=org.apache.nutch.net.URLNormalizer class=org.apache.nutch.net.urlnormalizer.regex.RegexURLNormalizer
2013-10-21 15:50:02,714 DEBUG plugin.PluginRepository - not including: urlfilter-suffix
2013-10-21 15:50:02,714 DEBUG plugin.PluginRepository - not including: language-identifier
2013-10-21 15:50:02,714 DEBUG plugin.PluginRepository - not including: protocol-httpclient
2013-10-21 15:50:02,714 DEBUG plugin.PluginRepository - not including: scoring-link
2013-10-21 15:50:02,714 DEBUG plugin.PluginRepository - not including: lib-http
2013-10-21 15:50:02,714 DEBUG plugin.PluginRepository - not including: index-more
2013-10-21 15:50:02,714 DEBUG plugin.PluginRepository - not including: creativecommons
2013-10-21 15:50:02,714 DEBUG plugin.PluginRepository - not including: urlfilter-domainblacklist
2013-10-21 15:50:02,714 DEBUG plugin.PluginRepository - not including: lib-xml
2013-10-21 15:50:02,714 DEBUG plugin.PluginRepository - not including: subcollection
2013-10-21 15:50:02,714 DEBUG plugin.PluginRepository - not including: headings
2013-10-21 15:50:02,714 DEBUG plugin.PluginRepository - not including: index-static
2013-10-21 15:50:02,714 DEBUG plugin.PluginRepository - not including: urlfilter-prefix
2013-10-21 15:50:02,714 DEBUG plugin.PluginRepository - not including: parse-zip
2013-10-21 15:50:02,715 DEBUG plugin.PluginRepository - not including: feed
2013-10-21 15:50:02,715 DEBUG plugin.PluginRepository - not including: urlmeta
2013-10-21 15:50:02,715 DEBUG plugin.PluginRepository - not including: lib-regex-filter
2013-10-21 15:50:02,715 DEBUG plugin.PluginRepository - not including: parse-metatags
2013-10-21 15:50:02,715 DEBUG plugin.PluginRepository - not including: index-metadata
2013-10-21 15:50:02,715 DEBUG plugin.PluginRepository - not including: nutch-extensionpoints
2013-10-21 15:50:02,715 DEBUG plugin.PluginRepository - not including: urlfilter-automaton
2013-10-21 15:50:02,715 DEBUG plugin.PluginRepository - not including: urlfilter-validator
2013-10-21 15:50:02,715 DEBUG plugin.PluginRepository - not including: protocol-ftp
2013-10-21 15:50:02,715 DEBUG plugin.PluginRepository - not including: lib-nekohtml
2013-10-21 15:50:02,715 DEBUG plugin.PluginRepository - not including: parse-js
2013-10-21 15:50:02,715 DEBUG plugin.PluginRepository - not including: urlfilter-domain
2013-10-21 15:50:02,715 DEBUG plugin.PluginRepository - not including: parse-swf
2013-10-21 15:50:02,715 DEBUG plugin.PluginRepository - not including: protocol-file
2013-10-21 15:50:02,715 DEBUG plugin.PluginRepository - not including: parse-ext
2013-10-21 15:50:02,715 DEBUG plugin.PluginRepository - not including: microformats-reltag
2013-10-21 15:50:02,715 DEBUG plugin.PluginRepository - not including: tld
2013-10-21 15:50:02,715 DEBUG plugin.PluginRepository - Adding extension point org.apache.nutch.indexer.IndexingFilter
2013-10-21 15:50:02,715 DEBUG plugin.PluginRepository - Adding extension point org.apache.nutch.parse.Parser
2013-10-21 15:50:02,715 DEBUG plugin.PluginRepository - Adding extension point org.apache.nutch.parse.HtmlParseFilter
2013-10-21 15:50:02,715 DEBUG plugin.PluginRepository - Adding extension point org.apache.nutch.protocol.Protocol
2013-10-21 15:50:02,715 DEBUG plugin.PluginRepository - Adding extension point org.apache.nutch.net.URLFilter
2013-10-21 15:50:02,715 DEBUG plugin.PluginRepository - Adding extension point org.apache.nutch.net.URLNormalizer
2013-10-21 15:50:02,715 DEBUG plugin.PluginRepository - Adding extension point org.apache.nutch.scoring.ScoringFilter
2013-10-21 15:50:02,715 DEBUG plugin.PluginRepository - Adding extension point org.apache.nutch.segment.SegmentMergeFilter
2013-10-21 15:50:02,716 INFO  plugin.PluginRepository - Plugin Auto-activation mode: [true]
2013-10-21 15:50:02,716 INFO  plugin.PluginRepository - Registered Plugins:
2013-10-21 15:50:02,716 INFO  plugin.PluginRepository - 	the nutch core extension points (nutch-extensionpoints)
2013-10-21 15:50:02,716 INFO  plugin.PluginRepository - 	Regex URL Normalizer (urlnormalizer-regex)
2013-10-21 15:50:02,716 INFO  plugin.PluginRepository - 	CyberNeko HTML Parser (lib-nekohtml)
2013-10-21 15:50:02,716 INFO  plugin.PluginRepository - 	OPIC Scoring Plug-in (scoring-opic)
2013-10-21 15:50:02,716 INFO  plugin.PluginRepository - 	Basic URL Normalizer (urlnormalizer-basic)
2013-10-21 15:50:02,716 INFO  plugin.PluginRepository - 	Tika Parser Plug-in (parse-tika)
2013-10-21 15:50:02,716 INFO  plugin.PluginRepository - 	Basic Indexing Filter (index-basic)
2013-10-21 15:50:02,716 INFO  plugin.PluginRepository - 	Html Parse Plug-in (parse-html)
2013-10-21 15:50:02,716 INFO  plugin.PluginRepository - 	Anchor Indexing Filter (index-anchor)
2013-10-21 15:50:02,716 INFO  plugin.PluginRepository - 	HTTP Framework (lib-http)
2013-10-21 15:50:02,716 INFO  plugin.PluginRepository - 	Regex URL Filter (urlfilter-regex)
2013-10-21 15:50:02,716 INFO  plugin.PluginRepository - 	Regex URL Filter Framework (lib-regex-filter)
2013-10-21 15:50:02,716 INFO  plugin.PluginRepository - 	Pass-through URL Normalizer (urlnormalizer-pass)
2013-10-21 15:50:02,716 INFO  plugin.PluginRepository - 	Http Protocol Plug-in (protocol-http)
2013-10-21 15:50:02,716 INFO  plugin.PluginRepository - Registered Extension-Points:
2013-10-21 15:50:02,716 INFO  plugin.PluginRepository - 	Nutch URL Normalizer (org.apache.nutch.net.URLNormalizer)
2013-10-21 15:50:02,716 INFO  plugin.PluginRepository - 	Nutch Protocol (org.apache.nutch.protocol.Protocol)
2013-10-21 15:50:02,716 INFO  plugin.PluginRepository - 	Nutch Segment Merge Filter (org.apache.nutch.segment.SegmentMergeFilter)
2013-10-21 15:50:02,716 INFO  plugin.PluginRepository - 	Nutch URL Filter (org.apache.nutch.net.URLFilter)
2013-10-21 15:50:02,716 INFO  plugin.PluginRepository - 	Nutch Indexing Filter (org.apache.nutch.indexer.IndexingFilter)
2013-10-21 15:50:02,716 INFO  plugin.PluginRepository - 	HTML Parse Filter (org.apache.nutch.parse.HtmlParseFilter)
2013-10-21 15:50:02,716 INFO  plugin.PluginRepository - 	Nutch Content Parser (org.apache.nutch.parse.Parser)
2013-10-21 15:50:02,716 INFO  plugin.PluginRepository - 	Nutch Scoring (org.apache.nutch.scoring.ScoringFilter)
2013-10-21 15:50:02,717 DEBUG util.ObjectCache - No object cache found for conf=Configuration: core-default.xml, core-site.xml, mapred-default.xml, mapred-site.xml, file:/tmp/hadoop-KwangsoonJung/mapred/local/localRunner/job_local_0001.xml, instantiating a new object cache
2013-10-21 15:50:02,767 INFO  regex.RegexURLNormalizer - can't find rules for scope 'inject', using default
2013-10-21 15:50:03,499 INFO  crawl.Injector - Injector: Merging injected urls into crawl db.
2013-10-21 15:50:03,513 WARN  conf.Configuration - mapred.used.genericoptionsparser is deprecated. Instead, use mapreduce.client.genericoptionsparser.used
2013-10-21 15:50:03,519 WARN  mapreduce.JobSubmitter - No job jar file set.  User classes may not be found. See Job or Job#setJar(String).
2013-10-21 15:50:04,706 INFO  crawl.Injector - Injector: finished at 2013-10-21 15:50:04, elapsed: 00:00:02
2013-10-21 15:50:04,716 INFO  crawl.Generator - Generator: starting at 2013-10-21 15:50:04
2013-10-21 15:50:04,716 INFO  crawl.Generator - Generator: Selecting best-scoring urls due for fetch.
2013-10-21 15:50:04,716 INFO  crawl.Generator - Generator: filtering: true
2013-10-21 15:50:04,716 INFO  crawl.Generator - Generator: normalizing: true
2013-10-21 15:50:04,716 INFO  crawl.Generator - Generator: topN: 10
2013-10-21 15:50:04,717 WARN  conf.Configuration - mapred.job.tracker is deprecated. Instead, use mapreduce.jobtracker.address
2013-10-21 15:50:04,717 INFO  crawl.Generator - Generator: jobtracker is 'local', generating exactly one partition.
2013-10-21 15:50:04,727 WARN  conf.Configuration - mapred.used.genericoptionsparser is deprecated. Instead, use mapreduce.client.genericoptionsparser.used
2013-10-21 15:50:04,732 WARN  mapreduce.JobSubmitter - No job jar file set.  User classes may not be found. See Job or Job#setJar(String).
2013-10-21 15:50:04,944 DEBUG util.ObjectCache - No object cache found for conf=Configuration: core-default.xml, core-site.xml, mapred-default.xml, mapred-site.xml, file:/tmp/hadoop-KwangsoonJung/mapred/local/localRunner/job_local_0003.xml, instantiating a new object cache
2013-10-21 15:50:04,951 INFO  crawl.FetchScheduleFactory - Using FetchSchedule impl: org.apache.nutch.crawl.DefaultFetchSchedule
2013-10-21 15:50:04,951 INFO  crawl.AbstractFetchSchedule - defaultInterval=2592000
2013-10-21 15:50:04,951 INFO  crawl.AbstractFetchSchedule - maxInterval=7776000
2013-10-21 15:50:04,968 DEBUG util.ObjectCache - No object cache found for conf=Configuration: core-default.xml, core-site.xml, mapred-default.xml, mapred-site.xml, file:/tmp/hadoop-KwangsoonJung/mapred/local/localRunner/job_local_0003.xml, instantiating a new object cache
2013-10-21 15:50:04,972 INFO  crawl.FetchScheduleFactory - Using FetchSchedule impl: org.apache.nutch.crawl.DefaultFetchSchedule
2013-10-21 15:50:04,972 INFO  crawl.AbstractFetchSchedule - defaultInterval=2592000
2013-10-21 15:50:04,972 INFO  crawl.AbstractFetchSchedule - maxInterval=7776000
2013-10-21 15:51:21,398 WARN  crawl.Crawl - solrUrl is not set, indexing will be skipped...
2013-10-21 15:51:21,512 INFO  crawl.Crawl - crawl started in: crawl
2013-10-21 15:51:21,513 INFO  crawl.Crawl - rootUrlDir = urls
2013-10-21 15:51:21,513 INFO  crawl.Crawl - threads = 10
2013-10-21 15:51:21,513 INFO  crawl.Crawl - depth = 10
2013-10-21 15:51:21,513 INFO  crawl.Crawl - solrUrl=null
2013-10-21 15:51:21,513 INFO  crawl.Crawl - topN = 10
2013-10-21 15:51:21,525 INFO  crawl.Injector - Injector: starting at 2013-10-21 15:51:21
2013-10-21 15:51:21,525 INFO  crawl.Injector - Injector: crawlDb: crawl/crawldb
2013-10-21 15:51:21,525 INFO  crawl.Injector - Injector: urlDir: urls
2013-10-21 15:51:21,525 WARN  conf.Configuration - mapred.temp.dir is deprecated. Instead, use mapreduce.cluster.temp.dir
2013-10-21 15:51:21,568 INFO  crawl.Injector - Injector: Converting injected urls to crawl db entries.
2013-10-21 15:51:21,634 WARN  util.NativeCodeLoader - Unable to load native-hadoop library for your platform... using builtin-java classes where applicable
2013-10-21 15:51:21,670 WARN  conf.Configuration - mapred.used.genericoptionsparser is deprecated. Instead, use mapreduce.client.genericoptionsparser.used
2013-10-21 15:51:21,682 WARN  mapreduce.JobSubmitter - No job jar file set.  User classes may not be found. See Job or Job#setJar(String).
2013-10-21 15:51:22,273 INFO  plugin.PluginRepository - Plugins: looking in: /Users/KwangsoonJung/Desktop/nutch/apache-nutch-1.5-src/runtime/local/plugins
2013-10-21 15:51:22,274 DEBUG plugin.PluginRepository - parsing: /Users/KwangsoonJung/Desktop/nutch/apache-nutch-1.5-src/runtime/local/plugins/creativecommons/plugin.xml
2013-10-21 15:51:22,278 DEBUG plugin.PluginRepository - plugin: id=creativecommons name=Creative Commons Plugins version=1.0.0 provider=nutch.orgclass=null
2013-10-21 15:51:22,279 DEBUG plugin.PluginRepository - impl: point=org.apache.nutch.parse.HtmlParseFilter class=org.creativecommons.nutch.CCParseFilter
2013-10-21 15:51:22,279 DEBUG plugin.PluginRepository - impl: point=org.apache.nutch.indexer.IndexingFilter class=org.creativecommons.nutch.CCIndexingFilter
2013-10-21 15:51:22,280 DEBUG plugin.PluginRepository - parsing: /Users/KwangsoonJung/Desktop/nutch/apache-nutch-1.5-src/runtime/local/plugins/feed/plugin.xml
2013-10-21 15:51:22,281 DEBUG plugin.PluginRepository - plugin: id=feed name=Feed Parse/Index/Query Plug-in version=1.0.0 provider=nutch.orgclass=null
2013-10-21 15:51:22,281 DEBUG plugin.PluginRepository - impl: point=org.apache.nutch.parse.Parser class=org.apache.nutch.parse.feed.FeedParser
2013-10-21 15:51:22,282 DEBUG plugin.PluginRepository - impl: point=org.apache.nutch.indexer.IndexingFilter class=org.apache.nutch.indexer.feed.FeedIndexingFilter
2013-10-21 15:51:22,282 DEBUG plugin.PluginRepository - parsing: /Users/KwangsoonJung/Desktop/nutch/apache-nutch-1.5-src/runtime/local/plugins/headings/plugin.xml
2013-10-21 15:51:22,283 DEBUG plugin.PluginRepository - plugin: id=headings name=Headings Parse Filter version=1.0.0 provider=nutch.orgclass=null
2013-10-21 15:51:22,283 DEBUG plugin.PluginRepository - impl: point=org.apache.nutch.parse.HtmlParseFilter class=org.apache.nutch.parse.headings.HeadingsParseFilter
2013-10-21 15:51:22,283 DEBUG plugin.PluginRepository - parsing: /Users/KwangsoonJung/Desktop/nutch/apache-nutch-1.5-src/runtime/local/plugins/index-anchor/plugin.xml
2013-10-21 15:51:22,285 DEBUG plugin.PluginRepository - plugin: id=index-anchor name=Anchor Indexing Filter version=1.0.0 provider=nutch.orgclass=null
2013-10-21 15:51:22,285 DEBUG plugin.PluginRepository - impl: point=org.apache.nutch.indexer.IndexingFilter class=org.apache.nutch.indexer.anchor.AnchorIndexingFilter
2013-10-21 15:51:22,285 DEBUG plugin.PluginRepository - parsing: /Users/KwangsoonJung/Desktop/nutch/apache-nutch-1.5-src/runtime/local/plugins/index-basic/plugin.xml
2013-10-21 15:51:22,287 DEBUG plugin.PluginRepository - plugin: id=index-basic name=Basic Indexing Filter version=1.0.0 provider=nutch.orgclass=null
2013-10-21 15:51:22,287 DEBUG plugin.PluginRepository - impl: point=org.apache.nutch.indexer.IndexingFilter class=org.apache.nutch.indexer.basic.BasicIndexingFilter
2013-10-21 15:51:22,287 DEBUG plugin.PluginRepository - parsing: /Users/KwangsoonJung/Desktop/nutch/apache-nutch-1.5-src/runtime/local/plugins/index-metadata/plugin.xml
2013-10-21 15:51:22,289 DEBUG plugin.PluginRepository - plugin: id=index-metadata name=Index Metadata version=1.0.0 provider=nutch.orgclass=null
2013-10-21 15:51:22,290 DEBUG plugin.PluginRepository - impl: point=org.apache.nutch.indexer.IndexingFilter class=org.apache.nutch.indexer.metadata.MetadataIndexer
2013-10-21 15:51:22,290 DEBUG plugin.PluginRepository - parsing: /Users/KwangsoonJung/Desktop/nutch/apache-nutch-1.5-src/runtime/local/plugins/index-more/plugin.xml
2013-10-21 15:51:22,292 DEBUG plugin.PluginRepository - plugin: id=index-more name=More Indexing Filter version=1.0.0 provider=nutch.orgclass=null
2013-10-21 15:51:22,292 DEBUG plugin.PluginRepository - impl: point=org.apache.nutch.indexer.IndexingFilter class=org.apache.nutch.indexer.more.MoreIndexingFilter
2013-10-21 15:51:22,293 DEBUG plugin.PluginRepository - parsing: /Users/KwangsoonJung/Desktop/nutch/apache-nutch-1.5-src/runtime/local/plugins/index-static/plugin.xml
2013-10-21 15:51:22,295 DEBUG plugin.PluginRepository - plugin: id=index-static name=Index Static version=1.0.0 provider=nutch.orgclass=null
2013-10-21 15:51:22,295 DEBUG plugin.PluginRepository - impl: point=org.apache.nutch.indexer.IndexingFilter class=org.apache.nutch.indexer.staticfield.StaticFieldIndexer
2013-10-21 15:51:22,295 DEBUG plugin.PluginRepository - parsing: /Users/KwangsoonJung/Desktop/nutch/apache-nutch-1.5-src/runtime/local/plugins/language-identifier/plugin.xml
2013-10-21 15:51:22,297 DEBUG plugin.PluginRepository - plugin: id=language-identifier name=Language Identification Parser/Filter version=1.0.0 provider=nutch.orgclass=null
2013-10-21 15:51:22,298 DEBUG plugin.PluginRepository - impl: point=org.apache.nutch.parse.HtmlParseFilter class=org.apache.nutch.analysis.lang.HTMLLanguageParser
2013-10-21 15:51:22,298 DEBUG plugin.PluginRepository - impl: point=org.apache.nutch.indexer.IndexingFilter class=org.apache.nutch.analysis.lang.LanguageIndexingFilter
2013-10-21 15:51:22,298 DEBUG plugin.PluginRepository - parsing: /Users/KwangsoonJung/Desktop/nutch/apache-nutch-1.5-src/runtime/local/plugins/lib-http/plugin.xml
2013-10-21 15:51:22,300 DEBUG plugin.PluginRepository - plugin: id=lib-http name=HTTP Framework version=1.0 provider=org.apache.nutchclass=null
2013-10-21 15:51:22,300 DEBUG plugin.PluginRepository - parsing: /Users/KwangsoonJung/Desktop/nutch/apache-nutch-1.5-src/runtime/local/plugins/lib-nekohtml/plugin.xml
2013-10-21 15:51:22,301 DEBUG plugin.PluginRepository - plugin: id=lib-nekohtml name=CyberNeko HTML Parser version=1.9.11 provider=org.cybernekoclass=null
2013-10-21 15:51:22,301 DEBUG plugin.PluginRepository - parsing: /Users/KwangsoonJung/Desktop/nutch/apache-nutch-1.5-src/runtime/local/plugins/lib-regex-filter/plugin.xml
2013-10-21 15:51:22,303 DEBUG plugin.PluginRepository - plugin: id=lib-regex-filter name=Regex URL Filter Framework version=1.0 provider=org.apache.nutchclass=null
2013-10-21 15:51:22,304 DEBUG plugin.PluginRepository - parsing: /Users/KwangsoonJung/Desktop/nutch/apache-nutch-1.5-src/runtime/local/plugins/lib-xml/plugin.xml
2013-10-21 15:51:22,306 DEBUG plugin.PluginRepository - plugin: id=lib-xml name=XML Libraries version=1.0 provider=org.apache.nutch.xmlclass=null
2013-10-21 15:51:22,307 DEBUG plugin.PluginRepository - parsing: /Users/KwangsoonJung/Desktop/nutch/apache-nutch-1.5-src/runtime/local/plugins/microformats-reltag/plugin.xml
2013-10-21 15:51:22,309 DEBUG plugin.PluginRepository - plugin: id=microformats-reltag name=Rel-Tag microformat Parser/Indexer/Querier version=1.0.0 provider=nutch.orgclass=null
2013-10-21 15:51:22,309 DEBUG plugin.PluginRepository - impl: point=org.apache.nutch.parse.HtmlParseFilter class=org.apache.nutch.microformats.reltag.RelTagParser
2013-10-21 15:51:22,309 DEBUG plugin.PluginRepository - impl: point=org.apache.nutch.indexer.IndexingFilter class=org.apache.nutch.microformats.reltag.RelTagIndexingFilter
2013-10-21 15:51:22,309 DEBUG plugin.PluginRepository - parsing: /Users/KwangsoonJung/Desktop/nutch/apache-nutch-1.5-src/runtime/local/plugins/nutch-extensionpoints/plugin.xml
2013-10-21 15:51:22,312 DEBUG plugin.PluginRepository - plugin: id=nutch-extensionpoints name=the nutch core extension points version=2.0.0 provider=nutch.orgclass=null
2013-10-21 15:51:22,313 DEBUG plugin.PluginRepository - parsing: /Users/KwangsoonJung/Desktop/nutch/apache-nutch-1.5-src/runtime/local/plugins/parse-ext/plugin.xml
2013-10-21 15:51:22,315 DEBUG plugin.PluginRepository - plugin: id=parse-ext name=External Parser Plug-in version=1.0.0 provider=nutch.orgclass=null
2013-10-21 15:51:22,316 DEBUG plugin.PluginRepository - impl: point=org.apache.nutch.parse.Parser class=org.apache.nutch.parse.ext.ExtParser
2013-10-21 15:51:22,316 DEBUG plugin.PluginRepository - impl: point=org.apache.nutch.parse.Parser class=org.apache.nutch.parse.ext.ExtParser
2013-10-21 15:51:22,317 DEBUG plugin.PluginRepository - parsing: /Users/KwangsoonJung/Desktop/nutch/apache-nutch-1.5-src/runtime/local/plugins/parse-html/plugin.xml
2013-10-21 15:51:22,319 DEBUG plugin.PluginRepository - plugin: id=parse-html name=Html Parse Plug-in version=1.0.0 provider=nutch.orgclass=null
2013-10-21 15:51:22,319 DEBUG plugin.PluginRepository - impl: point=org.apache.nutch.parse.Parser class=org.apache.nutch.parse.html.HtmlParser
2013-10-21 15:51:22,320 DEBUG plugin.PluginRepository - parsing: /Users/KwangsoonJung/Desktop/nutch/apache-nutch-1.5-src/runtime/local/plugins/parse-js/plugin.xml
2013-10-21 15:51:22,322 DEBUG plugin.PluginRepository - plugin: id=parse-js name=JavaScript Parser version=1.0.0 provider=nutch.orgclass=null
2013-10-21 15:51:22,322 DEBUG plugin.PluginRepository - impl: point=org.apache.nutch.parse.Parser class=org.apache.nutch.parse.js.JSParseFilter
2013-10-21 15:51:22,323 DEBUG plugin.PluginRepository - impl: point=org.apache.nutch.parse.HtmlParseFilter class=org.apache.nutch.parse.js.JSParseFilter
2013-10-21 15:51:22,323 DEBUG plugin.PluginRepository - parsing: /Users/KwangsoonJung/Desktop/nutch/apache-nutch-1.5-src/runtime/local/plugins/parse-metatags/plugin.xml
2013-10-21 15:51:22,325 DEBUG plugin.PluginRepository - plugin: id=parse-metatags name=MetaTags version=1.0 provider=digitalpebble.comclass=null
2013-10-21 15:51:22,325 DEBUG plugin.PluginRepository - impl: point=org.apache.nutch.parse.HtmlParseFilter class=org.apache.nutch.parse.MetaTagsParser
2013-10-21 15:51:22,325 DEBUG plugin.PluginRepository - parsing: /Users/KwangsoonJung/Desktop/nutch/apache-nutch-1.5-src/runtime/local/plugins/parse-swf/plugin.xml
2013-10-21 15:51:22,328 DEBUG plugin.PluginRepository - plugin: id=parse-swf name=SWF Parse Plug-in version=1.0.0 provider=nutch.orgclass=null
2013-10-21 15:51:22,328 DEBUG plugin.PluginRepository - impl: point=org.apache.nutch.parse.Parser class=org.apache.nutch.parse.swf.SWFParser
2013-10-21 15:51:22,328 DEBUG plugin.PluginRepository - parsing: /Users/KwangsoonJung/Desktop/nutch/apache-nutch-1.5-src/runtime/local/plugins/parse-tika/plugin.xml
2013-10-21 15:51:22,331 DEBUG plugin.PluginRepository - plugin: id=parse-tika name=Tika Parser Plug-in version=1.0.0 provider=nutch.orgclass=null
2013-10-21 15:51:22,332 DEBUG plugin.PluginRepository - impl: point=org.apache.nutch.parse.Parser class=org.apache.nutch.parse.tika.TikaParser
2013-10-21 15:51:22,334 DEBUG plugin.PluginRepository - parsing: /Users/KwangsoonJung/Desktop/nutch/apache-nutch-1.5-src/runtime/local/plugins/parse-zip/plugin.xml
2013-10-21 15:51:22,336 DEBUG plugin.PluginRepository - plugin: id=parse-zip name=Zip Parse Plug-in version=1.0.0 provider=nutch.orgclass=null
2013-10-21 15:51:22,337 DEBUG plugin.PluginRepository - impl: point=org.apache.nutch.parse.Parser class=org.apache.nutch.parse.zip.ZipParser
2013-10-21 15:51:22,337 DEBUG plugin.PluginRepository - parsing: /Users/KwangsoonJung/Desktop/nutch/apache-nutch-1.5-src/runtime/local/plugins/protocol-file/plugin.xml
2013-10-21 15:51:22,339 DEBUG plugin.PluginRepository - plugin: id=protocol-file name=File Protocol Plug-in version=1.0.0 provider=nutch.orgclass=null
2013-10-21 15:51:22,339 DEBUG plugin.PluginRepository - impl: point=org.apache.nutch.protocol.Protocol class=org.apache.nutch.protocol.file.File
2013-10-21 15:51:22,340 DEBUG plugin.PluginRepository - parsing: /Users/KwangsoonJung/Desktop/nutch/apache-nutch-1.5-src/runtime/local/plugins/protocol-ftp/plugin.xml
2013-10-21 15:51:22,342 DEBUG plugin.PluginRepository - plugin: id=protocol-ftp name=Ftp Protocol Plug-in version=1.0.0 provider=nutch.orgclass=null
2013-10-21 15:51:22,342 DEBUG plugin.PluginRepository - impl: point=org.apache.nutch.protocol.Protocol class=org.apache.nutch.protocol.ftp.Ftp
2013-10-21 15:51:22,342 DEBUG plugin.PluginRepository - parsing: /Users/KwangsoonJung/Desktop/nutch/apache-nutch-1.5-src/runtime/local/plugins/protocol-http/plugin.xml
2013-10-21 15:51:22,344 DEBUG plugin.PluginRepository - plugin: id=protocol-http name=Http Protocol Plug-in version=1.0.0 provider=nutch.orgclass=null
2013-10-21 15:51:22,344 DEBUG plugin.PluginRepository - impl: point=org.apache.nutch.protocol.Protocol class=org.apache.nutch.protocol.http.Http
2013-10-21 15:51:22,345 DEBUG plugin.PluginRepository - parsing: /Users/KwangsoonJung/Desktop/nutch/apache-nutch-1.5-src/runtime/local/plugins/protocol-httpclient/plugin.xml
2013-10-21 15:51:22,346 DEBUG plugin.PluginRepository - plugin: id=protocol-httpclient name=Http / Https Protocol Plug-in version=1.0.0 provider=nutch.orgclass=null
2013-10-21 15:51:22,347 DEBUG plugin.PluginRepository - impl: point=org.apache.nutch.protocol.Protocol class=org.apache.nutch.protocol.httpclient.Http
2013-10-21 15:51:22,347 DEBUG plugin.PluginRepository - impl: point=org.apache.nutch.protocol.Protocol class=org.apache.nutch.protocol.httpclient.Http
2013-10-21 15:51:22,347 DEBUG plugin.PluginRepository - parsing: /Users/KwangsoonJung/Desktop/nutch/apache-nutch-1.5-src/runtime/local/plugins/scoring-link/plugin.xml
2013-10-21 15:51:22,349 DEBUG plugin.PluginRepository - plugin: id=scoring-link name=Link Analysis Scoring Plug-in version=1.0.0 provider=nutch.orgclass=null
2013-10-21 15:51:22,349 DEBUG plugin.PluginRepository - impl: point=org.apache.nutch.scoring.ScoringFilter class=org.apache.nutch.scoring.link.LinkAnalysisScoringFilter
2013-10-21 15:51:22,349 DEBUG plugin.PluginRepository - parsing: /Users/KwangsoonJung/Desktop/nutch/apache-nutch-1.5-src/runtime/local/plugins/scoring-opic/plugin.xml
2013-10-21 15:51:22,350 DEBUG plugin.PluginRepository - plugin: id=scoring-opic name=OPIC Scoring Plug-in version=1.0.0 provider=nutch.orgclass=null
2013-10-21 15:51:22,351 DEBUG plugin.PluginRepository - impl: point=org.apache.nutch.scoring.ScoringFilter class=org.apache.nutch.scoring.opic.OPICScoringFilter
2013-10-21 15:51:22,351 DEBUG plugin.PluginRepository - parsing: /Users/KwangsoonJung/Desktop/nutch/apache-nutch-1.5-src/runtime/local/plugins/subcollection/plugin.xml
2013-10-21 15:51:22,353 DEBUG plugin.PluginRepository - plugin: id=subcollection name=Subcollection indexing and query filter version=1.0.0 provider=apache.orgclass=null
2013-10-21 15:51:22,353 DEBUG plugin.PluginRepository - impl: point=org.apache.nutch.indexer.IndexingFilter class=org.apache.nutch.indexer.subcollection.SubcollectionIndexingFilter
2013-10-21 15:51:22,353 DEBUG plugin.PluginRepository - parsing: /Users/KwangsoonJung/Desktop/nutch/apache-nutch-1.5-src/runtime/local/plugins/tld/plugin.xml
2013-10-21 15:51:22,355 DEBUG plugin.PluginRepository - plugin: id=tld name=Top Level Domain Plugin version=1.0.0 provider=nutch.orgclass=null
2013-10-21 15:51:22,355 DEBUG plugin.PluginRepository - impl: point=org.apache.nutch.indexer.IndexingFilter class=org.apache.nutch.indexer.tld.TLDIndexingFilter
2013-10-21 15:51:22,355 DEBUG plugin.PluginRepository - impl: point=org.apache.nutch.scoring.ScoringFilter class=org.apache.nutch.scoring.tld.TLDScoringFilter
2013-10-21 15:51:22,356 DEBUG plugin.PluginRepository - parsing: /Users/KwangsoonJung/Desktop/nutch/apache-nutch-1.5-src/runtime/local/plugins/urlfilter-automaton/plugin.xml
2013-10-21 15:51:22,358 DEBUG plugin.PluginRepository - plugin: id=urlfilter-automaton name=Automaton URL Filter version=1.0.0 provider=nutch.orgclass=null
2013-10-21 15:51:22,358 DEBUG plugin.PluginRepository - impl: point=org.apache.nutch.net.URLFilter class=org.apache.nutch.urlfilter.automaton.AutomatonURLFilter
2013-10-21 15:51:22,358 DEBUG plugin.PluginRepository - parsing: /Users/KwangsoonJung/Desktop/nutch/apache-nutch-1.5-src/runtime/local/plugins/urlfilter-domain/plugin.xml
2013-10-21 15:51:22,360 DEBUG plugin.PluginRepository - plugin: id=urlfilter-domain name=Domain URL Filter version=1.0.0 provider=nutch.orgclass=null
2013-10-21 15:51:22,360 DEBUG plugin.PluginRepository - impl: point=org.apache.nutch.net.URLFilter class=org.apache.nutch.urlfilter.domain.DomainURLFilter
2013-10-21 15:51:22,361 DEBUG plugin.PluginRepository - parsing: /Users/KwangsoonJung/Desktop/nutch/apache-nutch-1.5-src/runtime/local/plugins/urlfilter-domainblacklist/plugin.xml
2013-10-21 15:51:22,363 DEBUG plugin.PluginRepository - plugin: id=urlfilter-domainblacklist name=Domain Blacklist URL Filter version=1.0.0 provider=nutch.orgclass=null
2013-10-21 15:51:22,363 DEBUG plugin.PluginRepository - impl: point=org.apache.nutch.net.URLFilter class=org.apache.nutch.urlfilter.domainblacklist.DomainBlacklistURLFilter
2013-10-21 15:51:22,363 DEBUG plugin.PluginRepository - parsing: /Users/KwangsoonJung/Desktop/nutch/apache-nutch-1.5-src/runtime/local/plugins/urlfilter-prefix/plugin.xml
2013-10-21 15:51:22,365 DEBUG plugin.PluginRepository - plugin: id=urlfilter-prefix name=Prefix URL Filter version=1.0.0 provider=nutch.orgclass=null
2013-10-21 15:51:22,365 DEBUG plugin.PluginRepository - impl: point=org.apache.nutch.net.URLFilter class=org.apache.nutch.urlfilter.prefix.PrefixURLFilter
2013-10-21 15:51:22,365 DEBUG plugin.PluginRepository - parsing: /Users/KwangsoonJung/Desktop/nutch/apache-nutch-1.5-src/runtime/local/plugins/urlfilter-regex/plugin.xml
2013-10-21 15:51:22,367 DEBUG plugin.PluginRepository - plugin: id=urlfilter-regex name=Regex URL Filter version=1.0.0 provider=nutch.orgclass=null
2013-10-21 15:51:22,367 DEBUG plugin.PluginRepository - impl: point=org.apache.nutch.net.URLFilter class=org.apache.nutch.urlfilter.regex.RegexURLFilter
2013-10-21 15:51:22,367 DEBUG plugin.PluginRepository - parsing: /Users/KwangsoonJung/Desktop/nutch/apache-nutch-1.5-src/runtime/local/plugins/urlfilter-suffix/plugin.xml
2013-10-21 15:51:22,369 DEBUG plugin.PluginRepository - plugin: id=urlfilter-suffix name=Suffix URL Filter version=1.0.0 provider=nutch.orgclass=null
2013-10-21 15:51:22,369 DEBUG plugin.PluginRepository - impl: point=org.apache.nutch.net.URLFilter class=org.apache.nutch.urlfilter.suffix.SuffixURLFilter
2013-10-21 15:51:22,369 DEBUG plugin.PluginRepository - parsing: /Users/KwangsoonJung/Desktop/nutch/apache-nutch-1.5-src/runtime/local/plugins/urlfilter-validator/plugin.xml
2013-10-21 15:51:22,371 DEBUG plugin.PluginRepository - plugin: id=urlfilter-validator name=URL Validator version=1.0.0 provider=nutch.orgclass=null
2013-10-21 15:51:22,372 DEBUG plugin.PluginRepository - impl: point=org.apache.nutch.net.URLFilter class=org.apache.nutch.urlfilter.validator.UrlValidator
2013-10-21 15:51:22,372 DEBUG plugin.PluginRepository - parsing: /Users/KwangsoonJung/Desktop/nutch/apache-nutch-1.5-src/runtime/local/plugins/urlmeta/plugin.xml
2013-10-21 15:51:22,374 DEBUG plugin.PluginRepository - plugin: id=urlmeta name=URL Meta Indexing Filter version=1.0.0 provider=sgonyeaclass=null
2013-10-21 15:51:22,374 DEBUG plugin.PluginRepository - impl: point=org.apache.nutch.indexer.IndexingFilter class=org.apache.nutch.indexer.urlmeta.URLMetaIndexingFilter
2013-10-21 15:51:22,374 DEBUG plugin.PluginRepository - impl: point=org.apache.nutch.scoring.ScoringFilter class=org.apache.nutch.scoring.urlmeta.URLMetaScoringFilter
2013-10-21 15:51:22,374 DEBUG plugin.PluginRepository - parsing: /Users/KwangsoonJung/Desktop/nutch/apache-nutch-1.5-src/runtime/local/plugins/urlnormalizer-basic/plugin.xml
2013-10-21 15:51:22,377 DEBUG plugin.PluginRepository - plugin: id=urlnormalizer-basic name=Basic URL Normalizer version=1.0.0 provider=nutch.orgclass=null
2013-10-21 15:51:22,377 DEBUG plugin.PluginRepository - impl: point=org.apache.nutch.net.URLNormalizer class=org.apache.nutch.net.urlnormalizer.basic.BasicURLNormalizer
2013-10-21 15:51:22,377 DEBUG plugin.PluginRepository - parsing: /Users/KwangsoonJung/Desktop/nutch/apache-nutch-1.5-src/runtime/local/plugins/urlnormalizer-pass/plugin.xml
2013-10-21 15:51:22,379 DEBUG plugin.PluginRepository - plugin: id=urlnormalizer-pass name=Pass-through URL Normalizer version=1.0.0 provider=nutch.orgclass=null
2013-10-21 15:51:22,380 DEBUG plugin.PluginRepository - impl: point=org.apache.nutch.net.URLNormalizer class=org.apache.nutch.net.urlnormalizer.pass.PassURLNormalizer
2013-10-21 15:51:22,380 DEBUG plugin.PluginRepository - parsing: /Users/KwangsoonJung/Desktop/nutch/apache-nutch-1.5-src/runtime/local/plugins/urlnormalizer-regex/plugin.xml
2013-10-21 15:51:22,382 DEBUG plugin.PluginRepository - plugin: id=urlnormalizer-regex name=Regex URL Normalizer version=1.0.0 provider=nutch.orgclass=null
2013-10-21 15:51:22,382 DEBUG plugin.PluginRepository - impl: point=org.apache.nutch.net.URLNormalizer class=org.apache.nutch.net.urlnormalizer.regex.RegexURLNormalizer
2013-10-21 15:51:22,383 DEBUG plugin.PluginRepository - not including: urlfilter-suffix
2013-10-21 15:51:22,383 DEBUG plugin.PluginRepository - not including: language-identifier
2013-10-21 15:51:22,383 DEBUG plugin.PluginRepository - not including: protocol-httpclient
2013-10-21 15:51:22,383 DEBUG plugin.PluginRepository - not including: scoring-link
2013-10-21 15:51:22,383 DEBUG plugin.PluginRepository - not including: lib-http
2013-10-21 15:51:22,383 DEBUG plugin.PluginRepository - not including: index-more
2013-10-21 15:51:22,383 DEBUG plugin.PluginRepository - not including: creativecommons
2013-10-21 15:51:22,383 DEBUG plugin.PluginRepository - not including: urlfilter-domainblacklist
2013-10-21 15:51:22,383 DEBUG plugin.PluginRepository - not including: lib-xml
2013-10-21 15:51:22,383 DEBUG plugin.PluginRepository - not including: subcollection
2013-10-21 15:51:22,383 DEBUG plugin.PluginRepository - not including: headings
2013-10-21 15:51:22,384 DEBUG plugin.PluginRepository - not including: index-static
2013-10-21 15:51:22,384 DEBUG plugin.PluginRepository - not including: urlfilter-prefix
2013-10-21 15:51:22,384 DEBUG plugin.PluginRepository - not including: parse-zip
2013-10-21 15:51:22,384 DEBUG plugin.PluginRepository - not including: feed
2013-10-21 15:51:22,384 DEBUG plugin.PluginRepository - not including: urlmeta
2013-10-21 15:51:22,384 DEBUG plugin.PluginRepository - not including: lib-regex-filter
2013-10-21 15:51:22,384 DEBUG plugin.PluginRepository - not including: parse-metatags
2013-10-21 15:51:22,384 DEBUG plugin.PluginRepository - not including: index-metadata
2013-10-21 15:51:22,384 DEBUG plugin.PluginRepository - not including: nutch-extensionpoints
2013-10-21 15:51:22,384 DEBUG plugin.PluginRepository - not including: urlfilter-automaton
2013-10-21 15:51:22,384 DEBUG plugin.PluginRepository - not including: urlfilter-validator
2013-10-21 15:51:22,384 DEBUG plugin.PluginRepository - not including: protocol-ftp
2013-10-21 15:51:22,384 DEBUG plugin.PluginRepository - not including: lib-nekohtml
2013-10-21 15:51:22,384 DEBUG plugin.PluginRepository - not including: parse-js
2013-10-21 15:51:22,384 DEBUG plugin.PluginRepository - not including: urlfilter-domain
2013-10-21 15:51:22,384 DEBUG plugin.PluginRepository - not including: parse-swf
2013-10-21 15:51:22,384 DEBUG plugin.PluginRepository - not including: protocol-file
2013-10-21 15:51:22,384 DEBUG plugin.PluginRepository - not including: parse-ext
2013-10-21 15:51:22,384 DEBUG plugin.PluginRepository - not including: microformats-reltag
2013-10-21 15:51:22,384 DEBUG plugin.PluginRepository - not including: tld
2013-10-21 15:51:22,385 DEBUG plugin.PluginRepository - Adding extension point org.apache.nutch.indexer.IndexingFilter
2013-10-21 15:51:22,385 DEBUG plugin.PluginRepository - Adding extension point org.apache.nutch.parse.Parser
2013-10-21 15:51:22,385 DEBUG plugin.PluginRepository - Adding extension point org.apache.nutch.parse.HtmlParseFilter
2013-10-21 15:51:22,385 DEBUG plugin.PluginRepository - Adding extension point org.apache.nutch.protocol.Protocol
2013-10-21 15:51:22,385 DEBUG plugin.PluginRepository - Adding extension point org.apache.nutch.net.URLFilter
2013-10-21 15:51:22,385 DEBUG plugin.PluginRepository - Adding extension point org.apache.nutch.net.URLNormalizer
2013-10-21 15:51:22,385 DEBUG plugin.PluginRepository - Adding extension point org.apache.nutch.scoring.ScoringFilter
2013-10-21 15:51:22,385 DEBUG plugin.PluginRepository - Adding extension point org.apache.nutch.segment.SegmentMergeFilter
2013-10-21 15:51:22,385 INFO  plugin.PluginRepository - Plugin Auto-activation mode: [true]
2013-10-21 15:51:22,385 INFO  plugin.PluginRepository - Registered Plugins:
2013-10-21 15:51:22,385 INFO  plugin.PluginRepository - 	the nutch core extension points (nutch-extensionpoints)
2013-10-21 15:51:22,385 INFO  plugin.PluginRepository - 	Regex URL Normalizer (urlnormalizer-regex)
2013-10-21 15:51:22,385 INFO  plugin.PluginRepository - 	CyberNeko HTML Parser (lib-nekohtml)
2013-10-21 15:51:22,385 INFO  plugin.PluginRepository - 	OPIC Scoring Plug-in (scoring-opic)
2013-10-21 15:51:22,385 INFO  plugin.PluginRepository - 	Basic URL Normalizer (urlnormalizer-basic)
2013-10-21 15:51:22,385 INFO  plugin.PluginRepository - 	Tika Parser Plug-in (parse-tika)
2013-10-21 15:51:22,385 INFO  plugin.PluginRepository - 	Basic Indexing Filter (index-basic)
2013-10-21 15:51:22,385 INFO  plugin.PluginRepository - 	Html Parse Plug-in (parse-html)
2013-10-21 15:51:22,385 INFO  plugin.PluginRepository - 	Anchor Indexing Filter (index-anchor)
2013-10-21 15:51:22,385 INFO  plugin.PluginRepository - 	HTTP Framework (lib-http)
2013-10-21 15:51:22,385 INFO  plugin.PluginRepository - 	Regex URL Filter (urlfilter-regex)
2013-10-21 15:51:22,385 INFO  plugin.PluginRepository - 	Regex URL Filter Framework (lib-regex-filter)
2013-10-21 15:51:22,385 INFO  plugin.PluginRepository - 	Pass-through URL Normalizer (urlnormalizer-pass)
2013-10-21 15:51:22,385 INFO  plugin.PluginRepository - 	Http Protocol Plug-in (protocol-http)
2013-10-21 15:51:22,386 INFO  plugin.PluginRepository - Registered Extension-Points:
2013-10-21 15:51:22,386 INFO  plugin.PluginRepository - 	Nutch URL Normalizer (org.apache.nutch.net.URLNormalizer)
2013-10-21 15:51:22,386 INFO  plugin.PluginRepository - 	Nutch Protocol (org.apache.nutch.protocol.Protocol)
2013-10-21 15:51:22,386 INFO  plugin.PluginRepository - 	Nutch Segment Merge Filter (org.apache.nutch.segment.SegmentMergeFilter)
2013-10-21 15:51:22,386 INFO  plugin.PluginRepository - 	Nutch URL Filter (org.apache.nutch.net.URLFilter)
2013-10-21 15:51:22,386 INFO  plugin.PluginRepository - 	Nutch Indexing Filter (org.apache.nutch.indexer.IndexingFilter)
2013-10-21 15:51:22,386 INFO  plugin.PluginRepository - 	HTML Parse Filter (org.apache.nutch.parse.HtmlParseFilter)
2013-10-21 15:51:22,400 INFO  plugin.PluginRepository - 	Nutch Content Parser (org.apache.nutch.parse.Parser)
2013-10-21 15:51:22,400 INFO  plugin.PluginRepository - 	Nutch Scoring (org.apache.nutch.scoring.ScoringFilter)
2013-10-21 15:51:22,402 DEBUG util.ObjectCache - No object cache found for conf=Configuration: core-default.xml, core-site.xml, mapred-default.xml, mapred-site.xml, file:/tmp/hadoop-KwangsoonJung/mapred/local/localRunner/job_local_0001.xml, instantiating a new object cache
2013-10-21 15:51:22,435 INFO  regex.RegexURLNormalizer - can't find rules for scope 'inject', using default
2013-10-21 15:51:23,167 INFO  crawl.Injector - Injector: Merging injected urls into crawl db.
2013-10-21 15:51:23,181 WARN  conf.Configuration - mapred.used.genericoptionsparser is deprecated. Instead, use mapreduce.client.genericoptionsparser.used
2013-10-21 15:51:23,187 WARN  mapreduce.JobSubmitter - No job jar file set.  User classes may not be found. See Job or Job#setJar(String).
2013-10-21 15:51:24,406 INFO  crawl.Injector - Injector: finished at 2013-10-21 15:51:24, elapsed: 00:00:02
2013-10-21 15:51:24,415 INFO  crawl.Generator - Generator: starting at 2013-10-21 15:51:24
2013-10-21 15:51:24,416 INFO  crawl.Generator - Generator: Selecting best-scoring urls due for fetch.
2013-10-21 15:51:24,416 INFO  crawl.Generator - Generator: filtering: true
2013-10-21 15:51:24,416 INFO  crawl.Generator - Generator: normalizing: true
2013-10-21 15:51:24,416 INFO  crawl.Generator - Generator: topN: 10
2013-10-21 15:51:24,417 WARN  conf.Configuration - mapred.job.tracker is deprecated. Instead, use mapreduce.jobtracker.address
2013-10-21 15:51:24,417 INFO  crawl.Generator - Generator: jobtracker is 'local', generating exactly one partition.
2013-10-21 15:51:24,429 WARN  conf.Configuration - mapred.used.genericoptionsparser is deprecated. Instead, use mapreduce.client.genericoptionsparser.used
2013-10-21 15:51:24,434 WARN  mapreduce.JobSubmitter - No job jar file set.  User classes may not be found. See Job or Job#setJar(String).
2013-10-21 15:51:24,655 DEBUG util.ObjectCache - No object cache found for conf=Configuration: core-default.xml, core-site.xml, mapred-default.xml, mapred-site.xml, file:/tmp/hadoop-KwangsoonJung/mapred/local/localRunner/job_local_0003.xml, instantiating a new object cache
2013-10-21 15:51:24,661 INFO  crawl.FetchScheduleFactory - Using FetchSchedule impl: org.apache.nutch.crawl.DefaultFetchSchedule
2013-10-21 15:51:24,661 INFO  crawl.AbstractFetchSchedule - defaultInterval=2592000
2013-10-21 15:51:24,662 INFO  crawl.AbstractFetchSchedule - maxInterval=7776000
2013-10-21 15:51:24,678 DEBUG util.ObjectCache - No object cache found for conf=Configuration: core-default.xml, core-site.xml, mapred-default.xml, mapred-site.xml, file:/tmp/hadoop-KwangsoonJung/mapred/local/localRunner/job_local_0003.xml, instantiating a new object cache
2013-10-21 15:51:24,683 INFO  crawl.FetchScheduleFactory - Using FetchSchedule impl: org.apache.nutch.crawl.DefaultFetchSchedule
2013-10-21 15:51:24,683 INFO  crawl.AbstractFetchSchedule - defaultInterval=2592000
2013-10-21 15:51:24,683 INFO  crawl.AbstractFetchSchedule - maxInterval=7776000
2013-10-21 15:51:25,581 WARN  crawl.Generator - Generator: 0 records selected for fetching, exiting ...
2013-10-21 15:51:25,583 INFO  crawl.Crawl - Stopping at depth=0 - no more URLs to fetch.
2013-10-21 15:51:25,583 WARN  crawl.Crawl - No URLs to fetch - check your seed list and URL filters.
2013-10-21 15:51:25,583 INFO  crawl.Crawl - crawl finished: crawl
